2026-02-07 09:48:49.909 INFO  c.k.k.c.l.logback.LogbackConfigurator    - Logback default configuration initialized from: C:\Users\PJain15\.katalon\packages\KSE-10.4.3\configuration\org.eclipse.osgi\133\0\.cp\resources\logback\logback-execution.xml
2026-02-07 09:48:49.912 INFO  c.k.k.c.l.logback.LogbackConfigurator    - Logback custom configuration initialized from: C:\Users\PJain15\git\salesforce-katalon-sample\Include\config\log.properties
2026-02-07 09:48:50.916 INFO  c.k.katalon.core.main.TestSuiteExecutor  - START Test Suites/TS_NewContact_1
2026-02-07 09:48:51.069 INFO  c.k.katalon.core.main.TestSuiteExecutor  - userFullName = piyush jain
2026-02-07 09:48:51.070 INFO  c.k.katalon.core.main.TestSuiteExecutor  - projectName = salesforce-katalon-sample
2026-02-07 09:48:51.071 INFO  c.k.katalon.core.main.TestSuiteExecutor  - hostName = PJain15 - SLB-G8JJX14.DIR.slb.com
2026-02-07 09:48:51.072 INFO  c.k.katalon.core.main.TestSuiteExecutor  - os = Windows 11 64bit
2026-02-07 09:48:51.073 INFO  c.k.katalon.core.main.TestSuiteExecutor  - hostAddress = 192.168.1.7
2026-02-07 09:48:51.073 INFO  c.k.katalon.core.main.TestSuiteExecutor  - katalonVersion = 10.4.3.0
2026-02-07 09:48:51.591 INFO  c.k.katalon.core.main.TestCaseExecutor   - --------------------
2026-02-07 09:48:51.591 INFO  c.k.katalon.core.main.TestCaseExecutor   - START Test Cases/TC_Salesforce New/RecallTest/SetupTeardown/Login into Salesforce_1
2026-02-07 09:48:52.016 INFO  c.k.k.core.webui.driver.DriverFactory    - Starting 'Chrome' driver
2026-02-07 09:48:52.023 INFO  c.k.k.c.w.util.WebDriverPropertyUtil     - User set preference: ['args', '[--disable-notifications]']
2026-02-07 09:48:52.065 INFO  c.k.k.core.webui.driver.DriverFactory    - Action delay is set to 0 milliseconds
Feb 07, 2026 9:48:53 AM org.openqa.selenium.devtools.CdpVersionFinder findNearestMatch
WARNING: Unable to find an exact match for CDP version 144, returning the closest version; found: 142; Please update to a Selenium version that supports CDP version 144
2026-02-07 09:48:54.174 INFO  c.k.k.core.webui.driver.DriverFactory    - sessionId = a2d99fd3ba176bebb3c74195a53655f2
2026-02-07 09:48:54.175 INFO  c.k.k.core.webui.driver.DriverFactory    - browser = Chrome 144.0.7559.133
2026-02-07 09:48:54.176 INFO  c.k.k.core.webui.driver.DriverFactory    - platform = Windows 11
2026-02-07 09:48:54.177 INFO  c.k.k.core.webui.driver.DriverFactory    - seleniumVersion = 4.34.0
2026-02-07 09:48:54.187 INFO  c.k.k.core.webui.driver.DriverFactory    - proxyInformation = ProxyInformation { proxyOption=NO_PROXY, proxyServerType=HTTP, username=, password=********, proxyServerAddress=, proxyServerPort=0, executionList="", isApplyToDesiredCapabilities=true }
2026-02-07 09:48:57.046 DEBUG testcase.Login into Salesforce_1         - 1: setText(findTestObject("Object Repository/New Folder (1)/Page_Login  Salesforce/input_Username"), USERNAME)
2026-02-07 09:48:57.911 DEBUG testcase.Login into Salesforce_1         - 2: click(findTestObject("Object Repository/New Folder (1)/Page_Login  Salesforce/input_Password"))
2026-02-07 09:48:58.502 DEBUG testcase.Login into Salesforce_1         - 3: setEncryptedText(findTestObject("Object Repository/New Folder (1)/Page_Login  Salesforce/input_Password"), PASSWORD)
2026-02-07 09:48:58.910 DEBUG testcase.Login into Salesforce_1         - 4: click(findTestObject("Object Repository/New Folder (1)/Page_Login  Salesforce/input_Login"))
2026-02-07 09:49:01.133 DEBUG testcase.Login into Salesforce_1         - 5: maximizeWindow()
2026-02-07 09:49:01.225 DEBUG testcase.Login into Salesforce_1         - 6: waitForElementClickable(findTestObject("New Folder (1)/Page_Home  Salesforce/link_Home"), 30, STOP_ON_FAILURE)
Feb 07, 2026 9:49:04 AM org.openqa.selenium.remote.http.WebSocket$Listener onError
WARNING: Connection reset
java.net.SocketException: Connection reset
	at java.base/sun.nio.ch.SocketChannelImpl.throwConnectionReset(SocketChannelImpl.java:394)
	at java.base/sun.nio.ch.SocketChannelImpl.read(SocketChannelImpl.java:426)
	at java.net.http/jdk.internal.net.http.SocketTube.readAvailable(SocketTube.java:1170)
	at java.net.http/jdk.internal.net.http.SocketTube$InternalReadPublisher$InternalReadSubscription.read(SocketTube.java:833)
	at java.net.http/jdk.internal.net.http.SocketTube$SocketFlowTask.run(SocketTube.java:181)
	at java.net.http/jdk.internal.net.http.common.SequentialScheduler$SchedulableTask.run(SequentialScheduler.java:230)
	at java.net.http/jdk.internal.net.http.common.SequentialScheduler.runOrSchedule(SequentialScheduler.java:303)
	at java.net.http/jdk.internal.net.http.common.SequentialScheduler.runOrSchedule(SequentialScheduler.java:256)
	at java.net.http/jdk.internal.net.http.SocketTube$InternalReadPublisher$InternalReadSubscription.signalReadable(SocketTube.java:774)
	at java.net.http/jdk.internal.net.http.SocketTube$InternalReadPublisher$ReadEvent.signalEvent(SocketTube.java:957)
	at java.net.http/jdk.internal.net.http.SocketTube$SocketFlowEvent.handle(SocketTube.java:253)
	at java.net.http/jdk.internal.net.http.HttpClientImpl$SelectorManager.handleEvent(HttpClientImpl.java:984)
	at java.net.http/jdk.internal.net.http.HttpClientImpl$SelectorManager.lambda$run$3(HttpClientImpl.java:939)
	at java.base/java.util.ArrayList.forEach(ArrayList.java:1511)
	at java.net.http/jdk.internal.net.http.HttpClientImpl$SelectorManager.run(HttpClientImpl.java:939)

